<?xml version="1.0" encoding="UTF-8"?>
<testng-results ignored="0" total="8" passed="8" failed="0" skipped="0">
  <reporter-output>
  </reporter-output>
  <suite started-at="2021-06-14T17:28:28 IST" name="Api Test Suite" finished-at="2021-06-14T17:28:31 IST" duration-ms="3061">
    <groups>
      <group name="group2">
        <method signature="GetApi.getApiWithMultipleHeader()[pri:0, instance:com.meesho.test.GetApi@2357d90a]" name="getApiWithMultipleHeader" class="com.meesho.test.GetApi"/>
      </group> <!-- group2 -->
      <group name="group1">
        <method signature="GetApi.getApi()[pri:0, instance:com.meesho.test.GetApi@2357d90a]" name="getApi" class="com.meesho.test.GetApi"/>
      </group> <!-- group1 -->
    </groups>
    <test started-at="2021-06-14T17:28:28 IST" name="Get Api Test" finished-at="2021-06-14T17:28:30 IST" duration-ms="1544">
      <class name="com.meesho.test.GetApi">
        <test-method is-config="true" signature="beforeTest()[pri:0, instance:com.meesho.test.GetApi@2357d90a]" started-at="2021-06-14T17:28:28 IST" name="beforeTest" finished-at="2021-06-14T17:28:28 IST" duration-ms="0" status="PASS">
          <reporter-output>
          </reporter-output>
        </test-method> <!-- beforeTest -->
        <test-method is-config="true" signature="beforeClass()[pri:0, instance:com.meesho.test.GetApi@2357d90a]" started-at="2021-06-14T17:28:28 IST" name="beforeClass" finished-at="2021-06-14T17:28:28 IST" duration-ms="1" status="PASS">
          <reporter-output>
          </reporter-output>
        </test-method> <!-- beforeClass -->
        <test-method is-config="true" signature="beforeMethod()[pri:0, instance:com.meesho.test.GetApi@2357d90a]" started-at="2021-06-14T17:28:28 IST" name="beforeMethod" finished-at="2021-06-14T17:28:28 IST" duration-ms="0" status="PASS">
          <reporter-output>
          </reporter-output>
        </test-method> <!-- beforeMethod -->
        <test-method signature="getApi()[pri:0, instance:com.meesho.test.GetApi@2357d90a]" started-at="2021-06-14T17:28:28 IST" name="getApi" finished-at="2021-06-14T17:28:30 IST" duration-ms="1471" status="PASS">
          <reporter-output>
          </reporter-output>
        </test-method> <!-- getApi -->
        <test-method is-config="true" signature="afterMethod()[pri:0, instance:com.meesho.test.GetApi@2357d90a]" started-at="2021-06-14T17:28:30 IST" name="afterMethod" finished-at="2021-06-14T17:28:30 IST" duration-ms="0" status="PASS">
          <reporter-output>
          </reporter-output>
        </test-method> <!-- afterMethod -->
        <test-method is-config="true" signature="beforeMethod()[pri:0, instance:com.meesho.test.GetApi@2357d90a]" started-at="2021-06-14T17:28:30 IST" name="beforeMethod" finished-at="2021-06-14T17:28:30 IST" duration-ms="1" status="PASS">
          <reporter-output>
          </reporter-output>
        </test-method> <!-- beforeMethod -->
        <test-method signature="getApiWithMultipleHeader()[pri:0, instance:com.meesho.test.GetApi@2357d90a]" started-at="2021-06-14T17:28:30 IST" name="getApiWithMultipleHeader" finished-at="2021-06-14T17:28:30 IST" duration-ms="50" status="PASS">
          <reporter-output>
          </reporter-output>
        </test-method> <!-- getApiWithMultipleHeader -->
        <test-method is-config="true" signature="afterMethod()[pri:0, instance:com.meesho.test.GetApi@2357d90a]" started-at="2021-06-14T17:28:30 IST" name="afterMethod" finished-at="2021-06-14T17:28:30 IST" duration-ms="0" status="PASS">
          <reporter-output>
          </reporter-output>
        </test-method> <!-- afterMethod -->
        <test-method is-config="true" signature="afterClass()[pri:0, instance:com.meesho.test.GetApi@2357d90a]" started-at="2021-06-14T17:28:30 IST" name="afterClass" finished-at="2021-06-14T17:28:30 IST" duration-ms="0" status="PASS">
          <reporter-output>
          </reporter-output>
        </test-method> <!-- afterClass -->
        <test-method is-config="true" signature="afterTest()[pri:0, instance:com.meesho.test.GetApi@2357d90a]" started-at="2021-06-14T17:28:30 IST" name="afterTest" finished-at="2021-06-14T17:28:30 IST" duration-ms="0" status="PASS">
          <reporter-output>
          </reporter-output>
        </test-method> <!-- afterTest -->
      </class> <!-- com.meesho.test.GetApi -->
    </test> <!-- Get Api Test -->
    <test started-at="2021-06-14T17:28:28 IST" name="Put Api Test" finished-at="2021-06-14T17:28:30 IST" duration-ms="1829">
      <class name="com.meesho.test.PutApi">
        <test-method is-config="true" signature="beforeSuite()[pri:0, instance:com.meesho.test.PutApi@e50a6f6]" started-at="2021-06-14T17:28:28 IST" name="beforeSuite" finished-at="2021-06-14T17:28:28 IST" duration-ms="6" status="PASS">
          <reporter-output>
          </reporter-output>
        </test-method> <!-- beforeSuite -->
        <test-method is-config="true" signature="beforeTest()[pri:0, instance:com.meesho.test.PutApi@e50a6f6]" started-at="2021-06-14T17:28:28 IST" name="beforeTest" finished-at="2021-06-14T17:28:28 IST" duration-ms="0" status="PASS">
          <reporter-output>
          </reporter-output>
        </test-method> <!-- beforeTest -->
        <test-method is-config="true" signature="beforeClass()[pri:0, instance:com.meesho.test.PutApi@e50a6f6]" started-at="2021-06-14T17:28:28 IST" name="beforeClass" finished-at="2021-06-14T17:28:28 IST" duration-ms="1" status="PASS">
          <reporter-output>
          </reporter-output>
        </test-method> <!-- beforeClass -->
        <test-method is-config="true" signature="beforeMethod()[pri:0, instance:com.meesho.test.PutApi@e50a6f6]" started-at="2021-06-14T17:28:28 IST" name="beforeMethod" finished-at="2021-06-14T17:28:28 IST" duration-ms="0" status="PASS">
          <reporter-output>
          </reporter-output>
        </test-method> <!-- beforeMethod -->
        <test-method signature="putApi()[pri:0, instance:com.meesho.test.PutApi@e50a6f6]" started-at="2021-06-14T17:28:28 IST" name="putApi" finished-at="2021-06-14T17:28:30 IST" duration-ms="1808" status="PASS">
          <reporter-output>
          </reporter-output>
        </test-method> <!-- putApi -->
        <test-method is-config="true" signature="afterTest()[pri:0, instance:com.meesho.test.PutApi@e50a6f6]" started-at="2021-06-14T17:28:30 IST" name="afterTest" finished-at="2021-06-14T17:28:30 IST" duration-ms="0" status="PASS">
          <reporter-output>
          </reporter-output>
        </test-method> <!-- afterTest -->
        <test-method is-config="true" signature="afterMethod()[pri:0, instance:com.meesho.test.PutApi@e50a6f6]" started-at="2021-06-14T17:28:30 IST" name="afterMethod" finished-at="2021-06-14T17:28:30 IST" duration-ms="0" status="PASS">
          <reporter-output>
          </reporter-output>
        </test-method> <!-- afterMethod -->
        <test-method is-config="true" signature="afterClass()[pri:0, instance:com.meesho.test.PutApi@e50a6f6]" started-at="2021-06-14T17:28:30 IST" name="afterClass" finished-at="2021-06-14T17:28:30 IST" duration-ms="0" status="PASS">
          <reporter-output>
          </reporter-output>
        </test-method> <!-- afterClass -->
        <test-method is-config="true" signature="afterSuite()[pri:0, instance:com.meesho.test.PutApi@e50a6f6]" started-at="2021-06-14T17:28:31 IST" name="afterSuite" finished-at="2021-06-14T17:28:31 IST" duration-ms="0" status="PASS">
          <reporter-output>
          </reporter-output>
        </test-method> <!-- afterSuite -->
      </class> <!-- com.meesho.test.PutApi -->
    </test> <!-- Put Api Test -->
    <test started-at="2021-06-14T17:28:28 IST" name="Patch Api Test" finished-at="2021-06-14T17:28:30 IST" duration-ms="1828">
      <class name="com.meesho.test.PatchApi">
        <test-method is-config="true" signature="beforeTest()[pri:0, instance:com.meesho.test.PatchApi@691a7f8f]" started-at="2021-06-14T17:28:28 IST" name="beforeTest" finished-at="2021-06-14T17:28:28 IST" duration-ms="0" status="PASS">
          <reporter-output>
          </reporter-output>
        </test-method> <!-- beforeTest -->
        <test-method is-config="true" signature="beforeClass()[pri:0, instance:com.meesho.test.PatchApi@691a7f8f]" started-at="2021-06-14T17:28:28 IST" name="beforeClass" finished-at="2021-06-14T17:28:28 IST" duration-ms="1" status="PASS">
          <reporter-output>
          </reporter-output>
        </test-method> <!-- beforeClass -->
        <test-method is-config="true" signature="beforeMethod()[pri:0, instance:com.meesho.test.PatchApi@691a7f8f]" started-at="2021-06-14T17:28:28 IST" name="beforeMethod" finished-at="2021-06-14T17:28:28 IST" duration-ms="0" status="PASS">
          <reporter-output>
          </reporter-output>
        </test-method> <!-- beforeMethod -->
        <test-method signature="patchApi()[pri:0, instance:com.meesho.test.PatchApi@691a7f8f]" started-at="2021-06-14T17:28:28 IST" name="patchApi" finished-at="2021-06-14T17:28:30 IST" duration-ms="1808" status="PASS">
          <reporter-output>
          </reporter-output>
        </test-method> <!-- patchApi -->
        <test-method is-config="true" signature="afterTest()[pri:0, instance:com.meesho.test.PatchApi@691a7f8f]" started-at="2021-06-14T17:28:30 IST" name="afterTest" finished-at="2021-06-14T17:28:30 IST" duration-ms="0" status="PASS">
          <reporter-output>
          </reporter-output>
        </test-method> <!-- afterTest -->
        <test-method is-config="true" signature="afterClass()[pri:0, instance:com.meesho.test.PatchApi@691a7f8f]" started-at="2021-06-14T17:28:30 IST" name="afterClass" finished-at="2021-06-14T17:28:30 IST" duration-ms="0" status="PASS">
          <reporter-output>
          </reporter-output>
        </test-method> <!-- afterClass -->
        <test-method is-config="true" signature="afterMethod()[pri:0, instance:com.meesho.test.PatchApi@691a7f8f]" started-at="2021-06-14T17:28:30 IST" name="afterMethod" finished-at="2021-06-14T17:28:30 IST" duration-ms="0" status="PASS">
          <reporter-output>
          </reporter-output>
        </test-method> <!-- afterMethod -->
      </class> <!-- com.meesho.test.PatchApi -->
    </test> <!-- Patch Api Test -->
    <test started-at="2021-06-14T17:28:28 IST" name="Post Api Test" finished-at="2021-06-14T17:28:31 IST" duration-ms="3061">
      <class name="com.meesho.test.PostApi">
        <test-method is-config="true" signature="beforeTest()[pri:0, instance:com.meesho.test.PostApi@17c386de]" started-at="2021-06-14T17:28:28 IST" name="beforeTest" finished-at="2021-06-14T17:28:28 IST" duration-ms="0" status="PASS">
          <reporter-output>
          </reporter-output>
        </test-method> <!-- beforeTest -->
        <test-method is-config="true" signature="beforeClass()[pri:0, instance:com.meesho.test.PostApi@17c386de]" started-at="2021-06-14T17:28:28 IST" name="beforeClass" finished-at="2021-06-14T17:28:28 IST" duration-ms="1" status="PASS">
          <reporter-output>
          </reporter-output>
        </test-method> <!-- beforeClass -->
        <test-method is-config="true" signature="beforeMethod()[pri:0, instance:com.meesho.test.PostApi@17c386de]" started-at="2021-06-14T17:28:28 IST" name="beforeMethod" finished-at="2021-06-14T17:28:28 IST" duration-ms="0" status="PASS">
          <reporter-output>
          </reporter-output>
        </test-method> <!-- beforeMethod -->
        <test-method signature="postApi(java.lang.String,java.lang.String)[pri:0, instance:com.meesho.test.PostApi@17c386de]" started-at="2021-06-14T17:28:28 IST" name="postApi" data-provider="userPostData" finished-at="2021-06-14T17:28:30 IST" duration-ms="1808" status="PASS">
          <params>
            <param index="0">
              <value>
                <![CDATA[Bob]]>
              </value>
            </param>
            <param index="1">
              <value>
                <![CDATA[Automation Testing]]>
              </value>
            </param>
          </params>
          <reporter-output>
          </reporter-output>
        </test-method> <!-- postApi -->
        <test-method is-config="true" signature="beforeMethod()[pri:0, instance:com.meesho.test.PostApi@17c386de]" started-at="2021-06-14T17:28:30 IST" name="beforeMethod" finished-at="2021-06-14T17:28:30 IST" duration-ms="1" status="PASS">
          <reporter-output>
          </reporter-output>
        </test-method> <!-- beforeMethod -->
        <test-method is-config="true" signature="afterMethod()[pri:0, instance:com.meesho.test.PostApi@17c386de]" started-at="2021-06-14T17:28:30 IST" name="afterMethod" finished-at="2021-06-14T17:28:30 IST" duration-ms="0" status="PASS">
          <reporter-output>
          </reporter-output>
        </test-method> <!-- afterMethod -->
        <test-method signature="postApi(java.lang.String,java.lang.String)[pri:0, instance:com.meesho.test.PostApi@17c386de]" started-at="2021-06-14T17:28:30 IST" name="postApi" data-provider="userPostData" finished-at="2021-06-14T17:28:31 IST" duration-ms="412" status="PASS">
          <params>
            <param index="0">
              <value>
                <![CDATA[Anne]]>
              </value>
            </param>
            <param index="1">
              <value>
                <![CDATA[Software engineer]]>
              </value>
            </param>
          </params>
          <reporter-output>
          </reporter-output>
        </test-method> <!-- postApi -->
        <test-method is-config="true" signature="afterMethod()[pri:0, instance:com.meesho.test.PostApi@17c386de]" started-at="2021-06-14T17:28:31 IST" name="afterMethod" finished-at="2021-06-14T17:28:31 IST" duration-ms="0" status="PASS">
          <reporter-output>
          </reporter-output>
        </test-method> <!-- afterMethod -->
        <test-method signature="postApi(java.lang.String,java.lang.String)[pri:0, instance:com.meesho.test.PostApi@17c386de]" started-at="2021-06-14T17:28:31 IST" name="postApi" data-provider="userPostData" finished-at="2021-06-14T17:28:31 IST" duration-ms="363" status="PASS">
          <params>
            <param index="0">
              <value>
                <![CDATA[Dheeraj]]>
              </value>
            </param>
            <param index="1">
              <value>
                <![CDATA[Software tester]]>
              </value>
            </param>
          </params>
          <reporter-output>
          </reporter-output>
        </test-method> <!-- postApi -->
        <test-method is-config="true" signature="beforeMethod()[pri:0, instance:com.meesho.test.PostApi@17c386de]" started-at="2021-06-14T17:28:31 IST" name="beforeMethod" finished-at="2021-06-14T17:28:31 IST" duration-ms="0" status="PASS">
          <reporter-output>
          </reporter-output>
        </test-method> <!-- beforeMethod -->
        <test-method is-config="true" signature="beforeMethod()[pri:0, instance:com.meesho.test.PostApi@17c386de]" started-at="2021-06-14T17:28:31 IST" name="beforeMethod" finished-at="2021-06-14T17:28:31 IST" duration-ms="0" status="PASS">
          <reporter-output>
          </reporter-output>
        </test-method> <!-- beforeMethod -->
        <test-method signature="postApi(java.lang.String,java.lang.String)[pri:0, instance:com.meesho.test.PostApi@17c386de]" started-at="2021-06-14T17:28:31 IST" name="postApi" data-provider="userPostData" finished-at="2021-06-14T17:28:31 IST" duration-ms="454" status="PASS">
          <params>
            <param index="0">
              <value>
                <![CDATA[Bhanu]]>
              </value>
            </param>
            <param index="1">
              <value>
                <![CDATA[Software Test Engineer]]>
              </value>
            </param>
          </params>
          <reporter-output>
          </reporter-output>
        </test-method> <!-- postApi -->
        <test-method is-config="true" signature="afterMethod()[pri:0, instance:com.meesho.test.PostApi@17c386de]" started-at="2021-06-14T17:28:31 IST" name="afterMethod" finished-at="2021-06-14T17:28:31 IST" duration-ms="0" status="PASS">
          <reporter-output>
          </reporter-output>
        </test-method> <!-- afterMethod -->
        <test-method is-config="true" signature="afterTest()[pri:0, instance:com.meesho.test.PostApi@17c386de]" started-at="2021-06-14T17:28:31 IST" name="afterTest" finished-at="2021-06-14T17:28:31 IST" duration-ms="0" status="PASS">
          <reporter-output>
          </reporter-output>
        </test-method> <!-- afterTest -->
        <test-method is-config="true" signature="afterClass()[pri:0, instance:com.meesho.test.PostApi@17c386de]" started-at="2021-06-14T17:28:31 IST" name="afterClass" finished-at="2021-06-14T17:28:31 IST" duration-ms="0" status="PASS">
          <reporter-output>
          </reporter-output>
        </test-method> <!-- afterClass -->
        <test-method is-config="true" signature="afterMethod()[pri:0, instance:com.meesho.test.PostApi@17c386de]" started-at="2021-06-14T17:28:31 IST" name="afterMethod" finished-at="2021-06-14T17:28:31 IST" duration-ms="0" status="PASS">
          <reporter-output>
          </reporter-output>
        </test-method> <!-- afterMethod -->
      </class> <!-- com.meesho.test.PostApi -->
    </test> <!-- Post Api Test -->
  </suite> <!-- Api Test Suite -->
</testng-results>
