<?xml version="1.0" encoding="UTF-8"?>
<!-- Generated by org.testng.reporters.JUnitXMLReporter -->
<testsuite ignored="0" hostname="Meeshos-MacBook-Pro.local" failures="0" tests="4" name="Post Api Test" time="3.061" errors="0" timestamp="2021-06-14T17:28:31 IST">
  <testcase classname="com.meesho.test.PostApi" name="postApi" time="1.808"/>
  <testcase classname="com.meesho.test.PostApi" name="postApi" time="0.412"/>
  <testcase classname="com.meesho.test.PostApi" name="postApi" time="0.363"/>
  <testcase classname="com.meesho.test.PostApi" name="postApi" time="0.454"/>
</testsuite> <!-- Post Api Test -->
